<?xml version="1.0" encoding="UTF-8"?>
<!-- Generated by org.testng.reporters.JUnitXMLReporter -->
<testsuite ignored="1" hostname="DESKTOP-Q8PCISB" failures="0" tests="1" name="Default test" time="6.959" errors="0" timestamp="2023-08-13T01:22:21 IST">
  <testcase classname="com.sevenmart.tests.DeliveryBoyPageTest" name="verifyDeliveryBoyGivenByUser" time="1.598"/>
  <testcase classname="com.sevenmart.tests.DeliveryBoyPageTest" name="verifyDeliveryBoyNameAdded" time="0.0">
    <ignored/>
  </testcase> <!-- verifyDeliveryBoyNameAdded -->
</testsuite> <!-- Default test -->
