<?xml version="1.0" encoding="UTF-8"?>
<!-- Generated by org.testng.reporters.JUnitXMLReporter -->
<testsuite ignored="2" hostname="DESKTOP-Q8PCISB" failures="0" tests="1" name="Default test" time="8.205" errors="0" timestamp="2023-08-01T08:30:32 IST">
  <testcase classname="com.sevenmart.tests.AdminUserTest" name="deleteAdminUser" time="3.377"/>
  <testcase classname="com.sevenmart.tests.AdminUserTest" name="user" time="0.0">
    <ignored/>
  </testcase> <!-- user -->
  <testcase classname="com.sevenmart.tests.AdminUserTest" name="createAdminUser" time="0.0">
    <ignored/>
  </testcase> <!-- createAdminUser -->
</testsuite> <!-- Default test -->
