<?xml version="1.0" encoding="UTF-8"?>
<testng-results ignored="2" total="3" passed="1" failed="0" skipped="0">
  <reporter-output>
  </reporter-output>
  <suite started-at="2023-08-01T08:30:23 IST" name="Default suite" finished-at="2023-08-01T08:30:32 IST" duration-ms="8205">
    <groups>
    </groups>
    <test started-at="2023-08-01T08:30:23 IST" name="Default test" finished-at="2023-08-01T08:30:32 IST" duration-ms="8205">
      <class name="com.sevenmart.tests.AdminUserTest">
        <test-method is-config="true" signature="launchBrowser()[pri:0, instance:com.sevenmart.tests.AdminUserTest@4686afc2]" started-at="2023-08-01T08:30:24 IST" name="launchBrowser" finished-at="2023-08-01T08:30:28 IST" duration-ms="4770" status="PASS">
          <reporter-output>
          </reporter-output>
        </test-method> <!-- launchBrowser -->
        <test-method signature="deleteAdminUser()[pri:0, instance:com.sevenmart.tests.AdminUserTest@4686afc2]" started-at="2023-08-01T08:30:28 IST" name="deleteAdminUser" finished-at="2023-08-01T08:30:32 IST" duration-ms="3377" status="PASS">
          <reporter-output>
          </reporter-output>
        </test-method> <!-- deleteAdminUser -->
        <test-method is-config="true" signature="terminateSession(org.testng.ITestResult)[pri:0, instance:com.sevenmart.tests.AdminUserTest@4686afc2]" started-at="2023-08-01T08:30:32 IST" name="terminateSession" finished-at="2023-08-01T08:30:32 IST" duration-ms="4" status="PASS">
          <params>
            <param index="0">
              <value>
                <![CDATA[[TestResult name=deleteAdminUser status=SUCCESS method=AdminUserTest.deleteAdminUser()[pri:0, instance:com.sevenmart.tests.AdminUserTest@4686afc2] output={null}]]]>
              </value>
            </param>
          </params>
          <reporter-output>
          </reporter-output>
        </test-method> <!-- terminateSession -->
      </class> <!-- com.sevenmart.tests.AdminUserTest -->
    </test> <!-- Default test -->
  </suite> <!-- Default suite -->
</testng-results>
