<?xml version="1.0" encoding="UTF-8"?>
<testng-results ignored="2" total="3" passed="1" failed="0" skipped="0">
  <reporter-output>
  </reporter-output>
  <suite started-at="2023-08-16T03:58:50 IST" name="Default suite" finished-at="2023-08-16T03:59:00 IST" duration-ms="9367">
    <groups>
    </groups>
    <test started-at="2023-08-16T03:58:50 IST" name="Default test" finished-at="2023-08-16T03:59:00 IST" duration-ms="9367">
      <class name="com.sevenmart.tests.AdminUserTest">
        <test-method is-config="true" signature="launchBrowser()[pri:0, instance:com.sevenmart.tests.AdminUserTest@2794eab6]" started-at="2023-08-16T03:58:50 IST" name="launchBrowser" finished-at="2023-08-16T03:58:57 IST" duration-ms="7058" status="PASS">
          <reporter-output>
          </reporter-output>
        </test-method> <!-- launchBrowser -->
        <test-method signature="deleteAdminUser()[pri:0, instance:com.sevenmart.tests.AdminUserTest@2794eab6]" started-at="2023-08-16T03:58:57 IST" name="deleteAdminUser" finished-at="2023-08-16T03:58:59 IST" duration-ms="2021" status="PASS">
          <reporter-output>
          </reporter-output>
        </test-method> <!-- deleteAdminUser -->
        <test-method is-config="true" signature="terminateSession(org.testng.ITestResult)[pri:0, instance:com.sevenmart.tests.AdminUserTest@2794eab6]" started-at="2023-08-16T03:58:59 IST" name="terminateSession" finished-at="2023-08-16T03:59:00 IST" duration-ms="251" status="PASS">
          <params>
            <param index="0">
              <value>
                <![CDATA[[TestResult name=deleteAdminUser status=SUCCESS method=AdminUserTest.deleteAdminUser()[pri:0, instance:com.sevenmart.tests.AdminUserTest@2794eab6] output={null}]]]>
              </value>
            </param>
          </params>
          <reporter-output>
          </reporter-output>
        </test-method> <!-- terminateSession -->
      </class> <!-- com.sevenmart.tests.AdminUserTest -->
    </test> <!-- Default test -->
  </suite> <!-- Default suite -->
</testng-results>
